<?xml version="1.0" encoding="UTF-8"?>
<!-- Generated by org.testng.reporters.JUnitReportReporter -->
<testsuite hostname="LAPTOP-GVKTJPPS" failures="0" tests="1" name="com.cucumber.testrunner.RunCucumberTest" time="0.731" errors="1" timestamp="2024-05-20T12:21:01 IST" skipped="0">
  <testcase classname="com.cucumber.testrunner.RunCucumberTest" name="runScenario" time="0.731">
    <error message="TODO: implement me" type="io.cucumber.java.PendingException">
      <![CDATA[io.cucumber.java.PendingException: TODO: implement me
at com.cucumber.stepdefinitions.StepDefinition.user_is_on_login_page(StepDefinition.java:23)
at ✽.user is on login page(file:///C:/Users/souha/eclipse-workspace/BDDFramework/src/test/resources/Features/TestCases.feature:6)
]]>
    </error>
  </testcase> <!-- runScenario -->
</testsuite> <!-- com.cucumber.testrunner.RunCucumberTest -->
