<?xml version="1.0" encoding="UTF-8"?>
<!-- Generated by org.testng.reporters.JUnitXMLReporter -->
<testsuite ignored="0" hostname="LAPTOP-GVKTJPPS" failures="1" tests="1" name="Test" time="3.756" errors="0" timestamp="2024-05-20T12:21:01 IST">
  <testcase classname="io.cucumber.testng.AbstractTestNGCucumberTests" name="runScenario" time="0.731">
    <failure type="io.cucumber.java.PendingException" message="TODO: implement me">
      <![CDATA[io.cucumber.java.PendingException: TODO: implement me
at com.cucumber.stepdefinitions.StepDefinition.user_is_on_login_page(StepDefinition.java:23)
at ✽.user is on login page(file:///C:/Users/souha/eclipse-workspace/BDDFramework/src/test/resources/Features/TestCases.feature:6)
]]>
    </failure>
  </testcase> <!-- runScenario -->
</testsuite> <!-- Test -->
