<?xml version="1.0" encoding="UTF-8"?>
<!-- Generated by org.testng.reporters.JUnitXMLReporter -->
<testsuite ignored="0" hostname="LAPTOP-GVKTJPPS" failures="1" tests="1" name="Test" time="3.545" errors="0" timestamp="2024-05-23T11:15:25 IST">
  <testcase classname="io.cucumber.testng.AbstractTestNGCucumberTests" name="runScenario" time="0.888">
    <failure type="io.cucumber.java.PendingException" message="TODO: implement me">
      <![CDATA[io.cucumber.java.PendingException: TODO: implement me
at com.cucumber.stepdefinitions.StepDefinition.user_enters_valid_username_and_password(StepDefinition.java:28)
at ✽.user enters valid username and password(file:///C:/Users/souha/git/BDD_Cucumber/BDDFramework/src/test/resources/Features/TestCases.feature:7)
]]>
    </failure>
  </testcase> <!-- runScenario -->
</testsuite> <!-- Test -->
